This is pdfTeX, Version 3.1415926-1.40.10 (TeX Live 2009/Debian) (format=pdflatex 2012.6.5)  13 JUL 2012 02:19
entering extended mode
 %&-line parsing enabled.
**apsp.tex
(./apsp.tex
LaTeX2e <2009/09/24>
Babel <v3.8l> and hyphenation patterns for english, usenglishmax, dumylang, noh
yphenation, loaded.
(./IEEEtran.cls
Document Class: IEEEtran 2007/03/05 V1.7a by Michael Shell
-- See the "IEEEtran_HOWTO" manual for usage information.
-- http://www.michaelshell.org/tex/ieeetran/
\@IEEEtrantmpdimenA=\dimen102
\@IEEEtrantmpdimenB=\dimen103
\@IEEEtrantmpcountA=\count79
\@IEEEtrantmpcountB=\count80
\@IEEEtrantmptoksA=\toks14
LaTeX Font Info:    Try loading font information for OT1+ptm on input line 373.

(/usr/share/texmf-texlive/tex/latex/psnfss/ot1ptm.fd
File: ot1ptm.fd 2001/06/04 font definitions for OT1/ptm.
)
-- Using 8.5in x 11in (letter) paper.
-- Using PDF output.
\@IEEEnormalsizeunitybaselineskip=\dimen104
-- This is a 10 point document.
\CLASSINFOnormalsizebaselineskip=\dimen105
\CLASSINFOnormalsizeunitybaselineskip=\dimen106
\IEEEnormaljot=\dimen107
LaTeX Font Info:    Font shape `OT1/ptm/bx/n' in size <5> not available
(Font)              Font shape `OT1/ptm/b/n' tried instead on input line 731.
LaTeX Font Info:    Font shape `OT1/ptm/bx/it' in size <5> not available
(Font)              Font shape `OT1/ptm/b/it' tried instead on input line 731.
LaTeX Font Info:    Font shape `OT1/ptm/bx/n' in size <7> not available
(Font)              Font shape `OT1/ptm/b/n' tried instead on input line 731.
LaTeX Font Info:    Font shape `OT1/ptm/bx/it' in size <7> not available
(Font)              Font shape `OT1/ptm/b/it' tried instead on input line 731.
LaTeX Font Info:    Font shape `OT1/ptm/bx/n' in size <8> not available
(Font)              Font shape `OT1/ptm/b/n' tried instead on input line 731.
LaTeX Font Info:    Font shape `OT1/ptm/bx/it' in size <8> not available
(Font)              Font shape `OT1/ptm/b/it' tried instead on input line 731.
LaTeX Font Info:    Font shape `OT1/ptm/bx/n' in size <9> not available
(Font)              Font shape `OT1/ptm/b/n' tried instead on input line 731.
LaTeX Font Info:    Font shape `OT1/ptm/bx/it' in size <9> not available
(Font)              Font shape `OT1/ptm/b/it' tried instead on input line 731.
LaTeX Font Info:    Font shape `OT1/ptm/bx/n' in size <10> not available
(Font)              Font shape `OT1/ptm/b/n' tried instead on input line 731.
LaTeX Font Info:    Font shape `OT1/ptm/bx/it' in size <10> not available
(Font)              Font shape `OT1/ptm/b/it' tried instead on input line 731.
LaTeX Font Info:    Font shape `OT1/ptm/bx/n' in size <11> not available
(Font)              Font shape `OT1/ptm/b/n' tried instead on input line 731.
LaTeX Font Info:    Font shape `OT1/ptm/bx/it' in size <11> not available
(Font)              Font shape `OT1/ptm/b/it' tried instead on input line 731.
LaTeX Font Info:    Font shape `OT1/ptm/bx/n' in size <12> not available
(Font)              Font shape `OT1/ptm/b/n' tried instead on input line 731.
LaTeX Font Info:    Font shape `OT1/ptm/bx/it' in size <12> not available
(Font)              Font shape `OT1/ptm/b/it' tried instead on input line 731.
LaTeX Font Info:    Font shape `OT1/ptm/bx/n' in size <17> not available
(Font)              Font shape `OT1/ptm/b/n' tried instead on input line 731.
LaTeX Font Info:    Font shape `OT1/ptm/bx/it' in size <17> not available
(Font)              Font shape `OT1/ptm/b/it' tried instead on input line 731.
LaTeX Font Info:    Font shape `OT1/ptm/bx/n' in size <20> not available
(Font)              Font shape `OT1/ptm/b/n' tried instead on input line 731.
LaTeX Font Info:    Font shape `OT1/ptm/bx/it' in size <20> not available
(Font)              Font shape `OT1/ptm/b/it' tried instead on input line 731.
LaTeX Font Info:    Font shape `OT1/ptm/bx/n' in size <24> not available
(Font)              Font shape `OT1/ptm/b/n' tried instead on input line 731.
LaTeX Font Info:    Font shape `OT1/ptm/bx/it' in size <24> not available
(Font)              Font shape `OT1/ptm/b/it' tried instead on input line 731.
\IEEEilabelindentA=\dimen108
\IEEEilabelindentB=\dimen109
\IEEEilabelindent=\dimen110
\IEEEelabelindent=\dimen111
\IEEEdlabelindent=\dimen112
\IEEElabelindent=\dimen113
\IEEEiednormlabelsep=\dimen114
\IEEEiedmathlabelsep=\dimen115
\IEEEiedtopsep=\skip41
\c@section=\count81
\c@subsection=\count82
\c@subsubsection=\count83
\c@paragraph=\count84
\c@IEEEsubequation=\count85
\abovecaptionskip=\skip42
\belowcaptionskip=\skip43
\c@figure=\count86
\c@table=\count87
\@IEEEeqnnumcols=\count88
\@IEEEeqncolcnt=\count89
\@IEEEtmpitemindent=\dimen116
\c@IEEEbiography=\count90
\@IEEEtranrubishbin=\box26
) (./algorithm.sty

LaTeX Warning: You have requested package `algorithm',
               but the package provides `algorithm2e'.

Package: algorithm2e 2008/00/00 v3.10 algorithms environments
\c@AlgoLine=\count91
(/usr/share/texmf-texlive/tex/latex/base/ifthen.sty
Package: ifthen 2001/05/26 v1.1c Standard LaTeX ifthen package (DPC)
)
(/usr/share/texmf-texlive/tex/latex/tools/xspace.sty
Package: xspace 2006/05/08 v1.12 Space after command names (DPC,MH)
)
(/usr/share/texmf-texlive/tex/latex/ltxmisc/relsize.sty
Package: relsize 2003/07/04 ver 3.1
)
********************************************************
Package `algorithm2e' Release 4.01 -- december 14 2009 --
- algorithm2e-announce@lirmm.fr mailing list for announcement about releases
- algorithm2e-discussion@lirmm.fr mailing list for discussion about package
subscribe by emailing sympa@lirmm.fr with 'subscribe <list> <firstname name>'
- Author: Christophe Fiorio (fiorio@lirmm.fr)
********************************************************
\skiptotal=\skip44
\skiplinenumber=\skip45
\skiprule=\skip46
\skiphlne=\skip47
\skiptext=\skip48
\skiplength=\skip49
\algomargin=\skip50
\skipalgocfslide=\skip51
\algowidth=\dimen117
\inoutsize=\dimen118
\inoutline=\dimen119
\interspacetitleruled=\dimen120
\interspacealgoruled=\dimen121
\interspacetitleboxruled=\dimen122
\algocf@inoutbox=\box27
\algocf@inputbox=\box28
\AlCapSkip=\skip52
\AlCapHSkip=\skip53
\algocf@nlbox=\box29
\algocf@hangingbox=\box30
\algocf@capbox=\box31
\algoheightruledefault=\skip54
\algoheightrule=\skip55
\algotitleheightruledefault=\skip56
\algotitleheightrule=\skip57
\c@algocfline=\count92
\c@algocfproc=\count93
\c@algocf=\count94
\algocf@algoframe=\box32
\algocf@algobox=\box33
) (./algorithmic.sty
Package: algorithmic 

Document Style `algorithmic' - environment
(/usr/share/texmf-texlive/tex/latex/tools/calc.sty
Package: calc 2007/08/22 v4.3 Infix arithmetic (KKT,FJ)
\calc@Acount=\count95
\calc@Bcount=\count96
\calc@Adimen=\dimen123
\calc@Bdimen=\dimen124
\calc@Askip=\skip58
\calc@Bskip=\skip59
LaTeX Info: Redefining \setlength on input line 76.
LaTeX Info: Redefining \addtolength on input line 77.
\calc@Ccount=\count97
\calc@Cskip=\skip60
)
\c@ALC@line=\count98
\c@ALC@rem=\count99
\ALC@tlm=\skip61
)
(/usr/share/texmf-texlive/tex/latex/amsfonts/amssymb.sty
Package: amssymb 2009/06/22 v3.00

(/usr/share/texmf-texlive/tex/latex/amsfonts/amsfonts.sty
Package: amsfonts 2009/06/22 v3.00 Basic AMSFonts support
\@emptytoks=\toks15
\symAMSa=\mathgroup4
\symAMSb=\mathgroup5
LaTeX Font Info:    Overwriting math alphabet `\mathfrak' in version `bold'
(Font)                  U/euf/m/n --> U/euf/b/n on input line 96.
)) (./amsmath.sty
Package: amsmath 2000/07/18 v2.13 AMS math features
\@mathmargin=\skip62

For additional information on amsmath, use the `?' option.
(/usr/share/texmf-texlive/tex/latex/amsmath/amstext.sty
Package: amstext 2000/06/29 v2.01

(/usr/share/texmf-texlive/tex/latex/amsmath/amsgen.sty
File: amsgen.sty 1999/11/30 v2.0
\@emptytoks=\toks16
\ex@=\dimen125
))
(/usr/share/texmf-texlive/tex/latex/amsmath/amsbsy.sty
Package: amsbsy 1999/11/29 v1.2d
\pmbraise@=\dimen126
)
(/usr/share/texmf-texlive/tex/latex/amsmath/amsopn.sty
Package: amsopn 1999/12/14 v2.01 operator names
)
\inf@bad=\count100
LaTeX Info: Redefining \frac on input line 211.
\uproot@=\count101
\leftroot@=\count102
LaTeX Info: Redefining \overline on input line 307.
\classnum@=\count103
\DOTSCASE@=\count104
LaTeX Info: Redefining \ldots on input line 379.
LaTeX Info: Redefining \dots on input line 382.
LaTeX Info: Redefining \cdots on input line 467.
\Mathstrutbox@=\box34
\strutbox@=\box35
\big@size=\dimen127
LaTeX Font Info:    Redeclaring font encoding OML on input line 567.
LaTeX Font Info:    Redeclaring font encoding OMS on input line 568.
\macc@depth=\count105
\c@MaxMatrixCols=\count106
\dotsspace@=\muskip10
\c@parentequation=\count107
\dspbrk@lvl=\count108
\tag@help=\toks17
\row@=\count109
\column@=\count110
\maxfields@=\count111
\andhelp@=\toks18
\eqnshift@=\dimen128
\alignsep@=\dimen129
\tagshift@=\dimen130
\tagwidth@=\dimen131
\totwidth@=\dimen132
\lineht@=\dimen133
\@envbody=\toks19
\multlinegap=\skip63
\multlinetaggap=\skip64
\mathdisplay@stack=\toks20
LaTeX Info: Redefining \[ on input line 2666.
LaTeX Info: Redefining \] on input line 2667.
)
(/usr/share/texmf-texlive/tex/latex/graphics/graphicx.sty
Package: graphicx 1999/02/16 v1.0f Enhanced LaTeX Graphics (DPC,SPQR)

(/usr/share/texmf-texlive/tex/latex/graphics/keyval.sty
Package: keyval 1999/03/16 v1.13 key=value parser (DPC)
\KV@toks@=\toks21
)
(/usr/share/texmf-texlive/tex/latex/graphics/graphics.sty
Package: graphics 2009/02/05 v1.0o Standard LaTeX Graphics (DPC,SPQR)

(/usr/share/texmf-texlive/tex/latex/graphics/trig.sty
Package: trig 1999/03/16 v1.09 sin cos tan (DPC)
)
(/etc/texmf/tex/latex/config/graphics.cfg
File: graphics.cfg 2009/08/28 v1.8 graphics configuration of TeX Live
)
Package graphics Info: Driver file: pdftex.def on input line 91.

(/usr/share/texmf-texlive/tex/latex/pdftex-def/pdftex.def
File: pdftex.def 2010/03/12 v0.04p Graphics/color for pdfTeX
\Gread@gobject=\count112
))
\Gin@req@height=\dimen134
\Gin@req@width=\dimen135
)
(/usr/share/texmf-texlive/tex/latex/tools/enumerate.sty
Package: enumerate 1999/03/05 v3.00 enumerate extensions (DPC)
\@enLab=\toks22
)
(/usr/share/texmf-texlive/tex/latex/tools/verbatim.sty
Package: verbatim 2003/08/22 v1.5q LaTeX2e package for verbatim enhancements
\every@verbatim=\toks23
\verbatim@line=\toks24
\verbatim@in@stream=\read1
) (./apsp.aux)
\openout1 = `apsp.aux'.

LaTeX Font Info:    Checking defaults for OML/cmm/m/it on input line 361.
LaTeX Font Info:    ... okay on input line 361.
LaTeX Font Info:    Checking defaults for T1/cmr/m/n on input line 361.
LaTeX Font Info:    ... okay on input line 361.
LaTeX Font Info:    Checking defaults for OT1/cmr/m/n on input line 361.
LaTeX Font Info:    ... okay on input line 361.
LaTeX Font Info:    Checking defaults for OMS/cmsy/m/n on input line 361.
LaTeX Font Info:    ... okay on input line 361.
LaTeX Font Info:    Checking defaults for OMX/cmex/m/n on input line 361.
LaTeX Font Info:    ... okay on input line 361.
LaTeX Font Info:    Checking defaults for U/cmr/m/n on input line 361.
LaTeX Font Info:    ... okay on input line 361.

(/usr/share/texmf-texlive/tex/context/base/supp-pdf.mkii
[Loading MPS to PDF converter (version 2006.09.02).]
\scratchcounter=\count113
\scratchdimen=\dimen136
\scratchbox=\box36
\nofMPsegments=\count114
\nofMParguments=\count115
\everyMPshowfont=\toks25
\MPscratchCnt=\count116
\MPscratchDim=\dimen137
\MPnumerator=\count117
\everyMPtoPDFconversion=\toks26
)
LaTeX Font Info:    Font shape `OT1/ptm/bx/n' in size <14> not available
(Font)              Font shape `OT1/ptm/b/n' tried instead on input line 443.

Underfull \hbox (badness 10000) in paragraph at lines 470--486

 []


Underfull \hbox (badness 2556) in paragraph at lines 493--502
\OT1/ptm/m/n/10 com-prises of mak-ing hu-man par-tic-i-pants nav-i-gate on
 []


Underfull \hbox (badness 10000) in paragraph at lines 493--502

 []

LaTeX Font Info:    Try loading font information for U+msa on input line 505.
(/usr/share/texmf-texlive/tex/latex/amsfonts/umsa.fd
File: umsa.fd 2009/06/22 v3.00 AMS symbols A
)
LaTeX Font Info:    Try loading font information for U+msb on input line 505.

(/usr/share/texmf-texlive/tex/latex/amsfonts/umsb.fd
File: umsb.fd 2009/06/22 v3.00 AMS symbols B
)
Underfull \hbox (badness 10000) in paragraph at lines 505--507

 []


Underfull \hbox (badness 10000) in paragraph at lines 508--509

 []


Underfull \hbox (badness 10000) in paragraph at lines 513--515

 []


Underfull \hbox (badness 10000) in paragraph at lines 516--521

 []

[1{/var/lib/texmf/fonts/map/pdftex/updmap/pdftex.map}


]
Underfull \hbox (badness 10000) in paragraph at lines 522--525

 []


Underfull \hbox (badness 10000) in paragraph at lines 526--529

 []


Underfull \hbox (badness 10000) in paragraph at lines 530--531

 []


Underfull \hbox (badness 10000) in paragraph at lines 535--536

 []


Underfull \hbox (badness 10000) in paragraph at lines 537--539

 []


Underfull \hbox (badness 1859) in paragraph at lines 542--543
[]\OT1/ptm/m/n/10 The path con-cate-na-tion al-go-rithm is split into two
 []


Underfull \hbox (badness 1590) in paragraph at lines 542--543
\OT1/ptm/m/n/10 com-po-nents: The Learn-ing Phase and The Nav-i-ga-tion
 []


Underfull \hbox (badness 10000) in paragraph at lines 542--543

 []


Underfull \hbox (badness 10000) in paragraph at lines 549--550

 []


Underfull \hbox (badness 10000) in paragraph at lines 551--552

 []


Underfull \hbox (badness 10000) in paragraph at lines 553--555

 []


Underfull \hbox (badness 10000) in paragraph at lines 558--563

 []


Underfull \hbox (badness 10000) in paragraph at lines 566--571

 []


Overfull \hbox (10.0pt too wide) detected at line 615
[][] 
 []


Underfull \hbox (badness 10000) in paragraph at lines 617--618

 []

[2] <Results/LearningComponent.jpg, id=19, 1332.98pt x 1332.98pt>
File: Results/LearningComponent.jpg Graphic file (type jpg)

<use Results/LearningComponent.jpg>
<Results/greedynavigation.jpg, id=20, 977.6525pt x 981.6675pt>
File: Results/greedynavigation.jpg Graphic file (type jpg)

<use Results/greedynavigation.jpg>
<Results/greedywalk.jpg, id=21, 1332.98pt x 1332.98pt>
File: Results/greedywalk.jpg Graphic file (type jpg)

<use Results/greedywalk.jpg>
Underfull \hbox (badness 1400) in paragraph at lines 659--660
\OT1/ptm/m/n/10 when PCA was ap-plied to sev-eral classes of graphs.
 []


Underfull \hbox (badness 1902) in paragraph at lines 659--660
\OT1/ptm/m/n/10 net-works: Barabasi-Albert graphs [[]] and Erdos-Renyi
 []


Underfull \hbox (badness 10000) in paragraph at lines 659--660

 []

[3 <./Results/LearningComponent.jpg> <./Results/greedynavigation.jpg> <./Result
s/greedywalk.jpg>]
<Results/ErdosRenyi100015cutpoint33.png, id=26, 1233.6489pt x 593.3367pt>
File: Results/ErdosRenyi100015cutpoint33.png Graphic file (type png)

<use Results/ErdosRenyi100015cutpoint33.png>
Overfull \hbox (2.81415pt too wide) in paragraph at lines 665--669
 [][] 
 []


<Results/scalefreenetworks10004cutpoint100.png, id=28, 1233.6489pt x 593.3367pt
>
File: Results/scalefreenetworks10004cutpoint100.png Graphic file (type png)
 <use Results/scalefreenetworks10004cutpoint100.png>
Overfull \hbox (2.81415pt too wide) in paragraph at lines 675--679
 [][] 
 []


Underfull \hbox (badness 1810) in paragraph at lines 683--688
\OT1/ptm/m/n/10 ar-ranged in the de-creas-ing or-der of their num-ber of
 []


Underfull \hbox (badness 10000) in paragraph at lines 683--688

 []


Underfull \hbox (badness 10000) in paragraph at lines 689--691
\OT1/ptm/m/n/10 through the net-work dur-ing the nav-i-ga-tion phase
 []


Underfull \hbox (badness 1622) in paragraph at lines 689--691
\OT1/ptm/m/n/10 (Sec-tion. [][]) be-comes in-creas-ingly dif-fi-cult since it
 []


Underfull \hbox (badness 1642) in paragraph at lines 689--691
\OT1/ptm/m/n/10 Djik-stra's Al-go-rithm in-creases cu-bi-cally, $\OML/cmm/m/it/
10 O\OT1/cmr/m/n/10 (\OML/cmm/m/it/10 []\OT1/cmr/m/n/10 )$\OT1/ptm/m/n/10 . Th
us,
 []


Underfull \hbox (badness 10000) in paragraph at lines 689--691

 []


Underfull \hbox (badness 2717) in paragraph at lines 692--693
[]\OT1/ptm/m/n/10 By an-a-lyz-ing the plot of num-ber of flags ver-sus
 []


Underfull \hbox (badness 1748) in paragraph at lines 692--693
\OML/cmm/m/it/10 HotSpotIndex$\OT1/ptm/m/n/10 , we see that the rate of de-crea
se of
 []


Underfull \hbox (badness 2326) in paragraph at lines 692--693
\OT1/ptm/m/n/10 flag-ging de-creases dras-ti-cally at the point where the
 []


Underfull \hbox (badness 1383) in paragraph at lines 692--693
\OT1/ptm/m/n/10 into $\OML/cmm/m/it/10 HotSpots$ \OT1/ptm/m/n/10 doesn't con-tr
ibute sig-nif-i-cantly to-wards
 []


Underfull \hbox (badness 1383) in paragraph at lines 692--693
\OT1/ptm/m/n/10 im-prov-ing the ef-fi-ciency of our al-go-rithm. In fact, it
 []


Underfull \hbox (badness 10000) in paragraph at lines 692--693

 []


Underfull \hbox (badness 2837) in paragraph at lines 696--699
[]\OT1/ptm/m/n/10 This sec-tion high-lights the ef-fec-tive-ness of greedy
 []


Underfull \hbox (badness 10000) in paragraph at lines 696--699

 []

<Results/WalkComparisonErdos10.png, id=29, 1233.6489pt x 593.3367pt>
File: Results/WalkComparisonErdos10.png Graphic file (type png)

<use Results/WalkComparisonErdos10.png>
Overfull \hbox (2.81415pt too wide) in paragraph at lines 740--742
 [][] 
 []

<Results/barabasi4connections2raw.jpg, id=30, 722.7pt x 824.07875pt>
File: Results/barabasi4connections2raw.jpg Graphic file (type jpg)

<use Results/barabasi4connections2raw.jpg>
Underfull \hbox (badness 10000) in paragraph at lines 754--755

 []

[4 <./Results/ErdosRenyi100015cutpoint33.png> <./Results/scalefreenetworks10004
cutpoint100.png>]
Underfull \hbox (badness 10000) in paragraph at lines 756--757

 []


Underfull \hbox (badness 10000) in paragraph at lines 758--759

 []

<Results/erdos.png, id=39, 1233.6489pt x 641.0349pt>
File: Results/erdos.png Graphic file (type png)
 <use Results/erdos.png>
<Results/barabasi.png, id=40, 1228.59pt x 641.0349pt>
File: Results/barabasi.png Graphic file (type png)

<use Results/barabasi.png>
Underfull \hbox (badness 10000) in paragraph at lines 780--781

 []


Underfull \hbox (badness 10000) in paragraph at lines 784--785
[]\OT1/ptm/m/n/10 Given a path $\OT1/cmr/m/n/10 (\OML/cmm/m/it/10 v[]; v[]; v[]
; :::; v[]\OT1/cmr/m/n/10 )$ \OT1/ptm/m/n/10 with close-ness
 []


Underfull \hbox (badness 10000) in paragraph at lines 784--785
\OT1/ptm/m/n/10 cen-tral-ity val-ues $\OT1/cmr/m/n/10 (\OML/cmm/m/it/10 c[]\OT1
/cmr/m/n/10 (\OML/cmm/m/it/10 v[]\OT1/cmr/m/n/10 )\OML/cmm/m/it/10 ; c[]\OT1/cm
r/m/n/10 (\OML/cmm/m/it/10 v[]\OT1/cmr/m/n/10 )\OML/cmm/m/it/10 ; :::; c[]\OT1/
cmr/m/n/10 (\OML/cmm/m/it/10 v[]\OT1/cmr/m/n/10 ))$ \OT1/ptm/m/n/10 as
 []


Underfull \hbox (badness 2809) in paragraph at lines 784--785
\OT1/ptm/m/n/10 de-fined in Sec-tion. III[], we com-pute the rank-ing of
 []


Underfull \hbox (badness 10000) in paragraph at lines 784--785
\OT1/ptm/m/n/10 ver-tices $\OT1/cmr/m/n/10 (\OML/cmm/m/it/10 R\OT1/cmr/m/n/10 (
\OML/cmm/m/it/10 v[]\OT1/cmr/m/n/10 )\OML/cmm/m/it/10 ; R\OT1/cmr/m/n/10 (\OML/
cmm/m/it/10 v[]\OT1/cmr/m/n/10 )\OML/cmm/m/it/10 ; R\OT1/cmr/m/n/10 (\OML/cmm/m
/it/10 v[]\OT1/cmr/m/n/10 )\OML/cmm/m/it/10 ; :::; R\OT1/cmr/m/n/10 (\OML/cmm/m
/it/10 v[]\OT1/cmr/m/n/10 ))$\OT1/ptm/m/n/10 . By \OT1/ptm/m/it/10 rank-
 []


Underfull \hbox (badness 4954) in paragraph at lines 784--785
\OT1/ptm/m/it/10 plot \OT1/ptm/m/n/10 of this path, we mean a plot of the ranks

 []


Underfull \hbox (badness 2573) in paragraph at lines 784--785
\OT1/cmr/m/n/10 (\OML/cmm/m/it/10 R\OT1/cmr/m/n/10 (\OML/cmm/m/it/10 v[]\OT1/cm
r/m/n/10 )\OML/cmm/m/it/10 ; R\OT1/cmr/m/n/10 (\OML/cmm/m/it/10 v[]\OT1/cmr/m/n
/10 )\OML/cmm/m/it/10 ; R\OT1/cmr/m/n/10 (\OML/cmm/m/it/10 v[]\OT1/cmr/m/n/10 )
\OML/cmm/m/it/10 ; :::; R\OT1/cmr/m/n/10 (\OML/cmm/m/it/10 v[]\OT1/cmr/m/n/10 )
)$\OT1/ptm/m/n/10 . If the rank-plot of a
 []


Underfull \hbox (badness 10000) in paragraph at lines 784--785

 []

[5 <./Results/WalkComparisonErdos10.png> <./Results/barabasi4connections2raw.jp
g> <./Results/erdos.png> <./Results/barabasi.png>]
<Results/barabasi_csp.png, id=47, 1156.32pt x 622.2447pt>
File: Results/barabasi_csp.png Graphic file (type png)

<use Results/barabasi_csp.png>
Overfull \hbox (15.28479pt too wide) in paragraph at lines 790--791
 [] 
 []


Underfull \hbox (badness 10000) in paragraph at lines 796--797

 []


Underfull \hbox (badness 10000) in paragraph at lines 798--799

 []


Underfull \hbox (badness 10000) in paragraph at lines 803--804

 []


Underfull \hbox (badness 4353) in paragraph at lines 805--806
[]\OT1/ptm/m/n/10 A pos-si-ble fur-ther work would be to study the
 []


Underfull \hbox (badness 2717) in paragraph at lines 805--806
\OT1/ptm/m/n/10 con-ver-gence of the learn-ing phase of the al-go-rithm.
 []


Underfull \hbox (badness 10000) in paragraph at lines 805--806

 []

(./apsp.bbl)

** Conference Paper **
Before submitting the final camera ready copy, remember to:

 1. Manually equalize the lengths of two columns on the last page
 of your paper;

 2. Ensure that any PostScript and/or PDF output post-processing
 uses only Type 1 fonts and that every step in the generation
 process uses the appropriate paper size.

[6 <./Results/barabasi_csp.png>] (./apsp.aux) ) 
Here is how much of TeX's memory you used:
 3929 strings out of 495061
 54065 string characters out of 1182622
 138025 words of memory out of 3000000
 7067 multiletter control sequences out of 15000+50000
 40597 words of font info for 85 fonts, out of 3000000 for 9000
 31 hyphenation exceptions out of 8191
 27i,11n,24p,785b,570s stack positions out of 5000i,500n,10000p,200000b,50000s
{/usr/share/texmf-texlive/fonts/
enc/dvips/base/8r.enc}</usr/share/texmf-texlive/fonts/type1/public/amsfonts/cm/
cmex10.pfb></usr/share/texmf-texlive/fonts/type1/public/amsfonts/cm/cmmi10.pfb>
</usr/share/texmf-texlive/fonts/type1/public/amsfonts/cm/cmmi5.pfb></usr/share/
texmf-texlive/fonts/type1/public/amsfonts/cm/cmmi7.pfb></usr/share/texmf-texliv
e/fonts/type1/public/amsfonts/cm/cmmi8.pfb></usr/share/texmf-texlive/fonts/type
1/public/amsfonts/cm/cmr10.pfb></usr/share/texmf-texlive/fonts/type1/public/ams
fonts/cm/cmr7.pfb></usr/share/texmf-texlive/fonts/type1/public/amsfonts/cm/cmr8
.pfb></usr/share/texmf-texlive/fonts/type1/public/amsfonts/cm/cmsy10.pfb></usr/
share/texmf-texlive/fonts/type1/public/amsfonts/cm/cmsy7.pfb></usr/share/texmf-
texlive/fonts/type1/public/amsfonts/symbols/msbm10.pfb></usr/share/texmf-texliv
e/fonts/type1/urw/times/utmb8a.pfb></usr/share/texmf-texlive/fonts/type1/urw/ti
mes/utmbi8a.pfb></usr/share/texmf-texlive/fonts/type1/urw/times/utmr8a.pfb></us
r/share/texmf-texlive/fonts/type1/urw/times/utmri8a.pfb>
Output written on apsp.pdf (6 pages, 1598025 bytes).
PDF statistics:
 99 PDF objects out of 1000 (max. 8388607)
 0 named destinations out of 1000 (max. 500000)
 51 words of extra memory for PDF output out of 10000 (max. 10000000)

